#
# A fatal error has been detected by the Java Runtime Environment:
#
#  SIGSEGV (0xb) at pc=0x000000010fe9f2e7, pid=1170, tid=0x0000000000002307
#
# JRE version: OpenJDK Runtime Environment (8.0_152-b01) (build 1.8.0_152-release-1248-b01)
# Java VM: OpenJDK 64-Bit Server VM (25.152-b01 mixed mode bsd-amd64 compressed oops)
# Problematic frame:
# V  [libjvm.dylib+0x49f2e7]
#
# Failed to write core dump. Core dumps have been disabled. To enable core dumping, try "ulimit -c unlimited" before starting Java again
#
# If you would like to submit a bug report, please visit:
#   http://bugreport.java.com/bugreport/crash.jsp
#

---------------  T H R E A D  ---------------

Current thread (0x00007fd321803800):  GCTaskThread [stack: 0x00007000049a3000,0x0000700004aa3000] [id=8967]

siginfo: si_signo: 11 (SIGSEGV), si_code: 1 (SEGV_MAPERR), si_addr: 0x00000000000000e8

Registers:
RAX=0x0000000000000000, RBX=0x00007fd321820000, RCX=0x0000000000000003, RDX=0x0000000110216510
RSP=0x0000700004aa2bf0, RBP=0x0000700004aa2c70, RSI=0x00000007a302f720, RDI=0x00000007c034c500
R8 =0x0000000000000000, R9 =0x0000000110203432, R10=0x00007fd31ff01678, R11=0x0000000001f6e488
R12=0x00007fd321ce600d, R13=0x0000000000000000, R14=0x00000007a4f800c4, R15=0x0000000110216500
RIP=0x000000010fe9f2e7, EFLAGS=0x0000000000010246, ERR=0x0000000000000004
  TRAPNO=0x000000000000000e

Top of Stack: (sp=0x0000700004aa2bf0)
0x0000700004aa2bf0:   0000700004aa2c84 00000007a4f98000
0x0000700004aa2c00:   0000000000001000 0000000000000016
0x0000700004aa2c10:   0000000000002101 00000007a300105a
0x0000700004aa2c20:   000000000000000d 0000000000000015
0x0000700004aa2c30:   00000007a302f720 00007fd321820000
0x0000700004aa2c40:   000000000000000b 00000007a4f800c5
0x0000700004aa2c50:   000000011022752b 00007fd321820000
0x0000700004aa2c60:   00000007a4f800c4 0000000110216500
0x0000700004aa2c70:   0000700004aa2ca0 000000010fe9ec48
0x0000700004aa2c80:   00000007a4f800c5 000000011022bdb0
0x0000700004aa2c90:   00007fd321820060 00007fd321820098
0x0000700004aa2ca0:   0000700004aa2cf0 000000010fe9eada
0x0000700004aa2cb0:   00000007c02649e8 00000007a4f800c5
0x0000700004aa2cc0:   0000000760078be8 0000000760078c00
0x0000700004aa2cd0:   000000011085c3c6 000000011085c401
0x0000700004aa2ce0:   0000000760078c08 0000000000000240
0x0000700004aa2cf0:   0000700004aa2d90 000000010fb4347d
0x0000700004aa2d00:   000000011085c381 000000011085c200
0x0000700004aa2d10:   0000000000000200 000000011085c400
0x0000700004aa2d20:   0000000110860e14 0000000110860e13
0x0000700004aa2d30:   00000007609c2748 0000000760080000
0x0000700004aa2d40:   0000000000000180 00007fd321820000
0x0000700004aa2d50:   000000076003a200 00007fd31ff012a0
0x0000700004aa2d60:   00007fd31ff014e0 00007fd31ff08d90
0x0000700004aa2d70:   00007fd31ff08d90 000000010ffd823a
0x0000700004aa2d80:   00007fd321820000 0000000000000001
0x0000700004aa2d90:   0000700004aa2dc0 000000010fea2383
0x0000700004aa2da0:   00007fd300000004 00007fd323bc8800
0x0000700004aa2db0:   00007fd321803800 0000000000000000
0x0000700004aa2dc0:   0000700004aa2ea0 000000010fc5f488
0x0000700004aa2dd0:   00007fd31ff05600 00007fd321803800
0x0000700004aa2de0:   00007fd31ff04e10 00007fd31ff04e50 

Instructions: (pc=0x000000010fe9f2e7)
0x000000010fe9f2c7:   6f 08 45 85 ed 48 89 5d c8 7e 0c 41 f6 c5 01 75
0x000000010fe9f2d7:   08 41 c1 ed 03 eb 5d 78 16 48 8b 07 48 8b 75 c0
0x000000010fe9f2e7:   ff 90 e8 00 00 00 48 8b 5d c8 41 89 c5 eb 45 31
0x000000010fe9f2f7:   c9 84 c0 0f 94 c1 48 8b 45 c0 48 63 44 88 0c 44 

Register to memory mapping:

RAX=0x0000000000000000 is an unknown value
RBX=0x00007fd321820000 is an unknown value
RCX=0x0000000000000003 is an unknown value
RDX=0x0000000110216510: _ZN8Universe13_narrow_klassE+0 in /Applications/Android Studio.app/Contents/jre/jdk/Contents/Home/jre/lib/server/libjvm.dylib at 0x000000010fa00000
RSP=0x0000700004aa2bf0 is an unknown value
RBP=0x0000700004aa2c70 is an unknown value
RSI=0x00000007a302f720 is an oop

[error occurred during error reporting (printing register info), id 0xb]

Stack: [0x00007000049a3000,0x0000700004aa3000],  sp=0x0000700004aa2bf0,  free space=1022k
Native frames: (J=compiled Java code, j=interpreted, Vv=VM code, C=native code)
V  [libjvm.dylib+0x49f2e7]
V  [libjvm.dylib+0x49ec48]
V  [libjvm.dylib+0x49eada]
V  [libjvm.dylib+0x14347d]
V  [libjvm.dylib+0x4a2383]
V  [libjvm.dylib+0x25f488]
V  [libjvm.dylib+0x45fb8d]
C  [libsystem_pthread.dylib+0x3661]  _pthread_body+0x154
C  [libsystem_pthread.dylib+0x350d]  _pthread_body+0x0
C  [libsystem_pthread.dylib+0x2bf9]  thread_start+0xd


---------------  P R O C E S S  ---------------

Java Threads: ( => current thread )
  0x00007fd324865800 JavaThread "Memory manager" [_thread_blocked, id=3847, stack(0x00007000066fa000,0x00007000067fa000)]
  0x00007fd32498b000 JavaThread "pool-1-thread-1" [_thread_blocked, id=3335, stack(0x0000700004717000,0x0000700004817000)]
  0x00007fd3219d0800 JavaThread "build operations Thread 4" [_thread_blocked, id=40707, stack(0x00007000065f7000,0x00007000066f7000)]
  0x00007fd3219d0000 JavaThread "build operations Thread 3" [_thread_blocked, id=24323, stack(0x00007000064f4000,0x00007000065f4000)]
  0x00007fd3219cf000 JavaThread "build operations Thread 2" [_thread_blocked, id=41219, stack(0x00007000063f1000,0x00007000064f1000)]
  0x00007fd324a70800 JavaThread "build operations" [_thread_blocked, id=23555, stack(0x00007000062ee000,0x00007000063ee000)]
  0x00007fd321fca800 JavaThread "Cache worker for Artifact transforms cache (/Users/andreweskild/.gradle/caches/transforms-1)" [_thread_blocked, id=23299, stack(0x00007000061eb000,0x00007000062eb000)]
  0x00007fd320435800 JavaThread "Cache worker for file hash cache (/Users/andreweskild/development/dart/project-pickle/android/.gradle/4.1/fileHashes)" [_thread_blocked, id=22787, stack(0x00007000060e8000,0x00007000061e8000)]
  0x00007fd321d10000 JavaThread "File lock request listener" [_thread_in_native, id=41731, stack(0x0000700005fe5000,0x00007000060e5000)]
  0x00007fd321d18800 JavaThread "Cache worker for file hash cache (/Users/andreweskild/.gradle/caches/4.1/fileHashes)" [_thread_blocked, id=42243, stack(0x0000700005ee2000,0x0000700005fe2000)]
  0x00007fd320c52800 JavaThread "Stdin handler" [_thread_blocked, id=42499, stack(0x0000700005ddf000,0x0000700005edf000)]
  0x00007fd320c51800 JavaThread "Asynchronous log dispatcher for DefaultDaemonConnection: socket connection from /0:0:0:0:0:0:0:1:50171 to /0:0:0:0:0:0:0:1:50172" [_thread_blocked, id=42755, stack(0x0000700005cdc000,0x0000700005ddc000)]
  0x00007fd321ce6000 JavaThread "Daemon worker" [_thread_blocked, id=43267, stack(0x0000700005bd9000,0x0000700005cd9000)]
  0x00007fd3203ab800 JavaThread "Cancel handler" [_thread_blocked, id=16387, stack(0x0000700005ad6000,0x0000700005bd6000)]
  0x00007fd3212e3000 JavaThread "Handler for socket connection from /0:0:0:0:0:0:0:1:50171 to /0:0:0:0:0:0:0:1:50172" [_thread_in_native, id=16643, stack(0x00007000059d3000,0x0000700005ad3000)]
  0x00007fd321ce7800 JavaThread "Daemon" [_thread_blocked, id=15619, stack(0x00007000058d0000,0x00007000059d0000)]
  0x00007fd3212e9000 JavaThread "Daemon periodic checks" [_thread_blocked, id=16899, stack(0x00007000057cd000,0x00007000058cd000)]
  0x00007fd321cdd000 JavaThread "Incoming local TCP Connector on port 50171" [_thread_in_native, id=17411, stack(0x00007000056ca000,0x00007000057ca000)]
  0x00007fd321026800 JavaThread "Service Thread" daemon [_thread_blocked, id=14339, stack(0x00007000054c4000,0x00007000055c4000)]
  0x00007fd321849000 JavaThread "C1 CompilerThread2" daemon [_thread_blocked, id=17667, stack(0x00007000053c1000,0x00007000054c1000)]
  0x00007fd32182a000 JavaThread "C2 CompilerThread1" daemon [_thread_blocked, id=18179, stack(0x00007000052be000,0x00007000053be000)]
  0x00007fd32100e000 JavaThread "C2 CompilerThread0" daemon [_thread_blocked, id=13827, stack(0x00007000051bb000,0x00007000052bb000)]
  0x00007fd321001000 JavaThread "Signal Dispatcher" daemon [_thread_blocked, id=18951, stack(0x00007000050b8000,0x00007000051b8000)]
  0x00007fd321828000 JavaThread "Finalizer" daemon [_thread_blocked, id=12803, stack(0x0000700004fb5000,0x00007000050b5000)]
  0x00007fd321825800 JavaThread "Reference Handler" daemon [_thread_blocked, id=12291, stack(0x0000700004eb2000,0x0000700004fb2000)]
  0x00007fd321002800 JavaThread "main" [_thread_blocked, id=6659, stack(0x00007000048a0000,0x00007000049a0000)]

Other Threads:
  0x00007fd321821000 VMThread [stack: 0x0000700004daf000,0x0000700004eaf000] [id=11779]
  0x00007fd32100d800 WatcherThread [stack: 0x00007000055c7000,0x00007000056c7000] [id=14851]

=>0x00007fd321803800 (exited) GCTaskThread [stack: 0x00007000049a3000,0x0000700004aa3000] [id=8967]

VM state:at safepoint (normal execution)

VM Mutex/Monitor currently owned by a thread:  ([mutex/lock_event])
[0x00007fd31fd11b00] Threads_lock - owner thread: 0x00007fd321821000
[0x00007fd31fd12000] Heap_lock - owner thread: 0x00007fd321849000
[0x00007fd31fd12580] MethodData_lock - owner thread: 0x00007fd321849000

Heap:
 PSYoungGen      total 59392K, used 50133K [0x00000007a0000000, 0x00000007a5900000, 0x00000007c0000000)
  eden space 48128K, 88% used [0x00000007a0000000,0x00000007a2998af0,0x00000007a2f00000)
  from space 11264K, 66% used [0x00000007a2f00000,0x00000007a365cc48,0x00000007a3a00000)
  to   space 11264K, 52% used [0x00000007a4e00000,0x00000007a53cc010,0x00000007a5900000)
 ParOldGen       total 67072K, used 10001K [0x0000000760000000, 0x0000000764180000, 0x00000007a0000000)
  object space 67072K, 14% used [0x0000000760000000,0x00000007609c4748,0x0000000764180000)
 Metaspace       used 34834K, capacity 35340K, committed 35416K, reserved 1079296K
  class space    used 4790K, capacity 4987K, committed 4992K, reserved 1048576K

Card table byte_map: [0x000000011085c000,0x0000000110b5d000] byte_map_base: 0x000000010cd5c000

Marking Bits: (ParMarkBitMap*) 0x000000011022c8f8
 Begin Bits: [0x0000000110d5d000, 0x000000011255d000)
 End Bits:   [0x000000011255d000, 0x0000000113d5d000)

Polling page: 0x000000010f079000

CodeCache: size=245760Kb used=9537Kb max_used=9537Kb free=236222Kb
 bounds [0x000000011a748000, 0x000000011b0a8000, 0x0000000129748000]
 total_blobs=3405 nmethods=2710 adapters=609
 compilation: enabled

Compilation events (10 events):
Event: 7.353 Thread 0x00007fd321849000 nmethod 3001 0x000000011b09fe10 code [0x000000011b09ff80, 0x000000011b0a0188]
Event: 7.353 Thread 0x00007fd321849000 3004       1       com.google.common.collect.ImmutableMultimap::asMap (5 bytes)
Event: 7.353 Thread 0x00007fd321849000 nmethod 3004 0x000000011b0a0210 code [0x000000011b0a0360, 0x000000011b0a0470]
Event: 7.353 Thread 0x00007fd321849000 3006       3       com.google.common.collect.ImmutableMap::entrySet (23 bytes)
Event: 7.353 Thread 0x00007fd321849000 nmethod 3006 0x000000011b0a04d0 code [0x000000011b0a0640, 0x000000011b0a08e8]
Event: 7.353 Thread 0x00007fd321849000 3007       3       org.gradle.model.internal.type.ModelType::toWrappers (58 bytes)
Event: 7.353 Thread 0x00007fd321849000 nmethod 3007 0x000000011b0a0990 code [0x000000011b0a0b20, 0x000000011b0a0fa8]
Event: 7.353 Thread 0x00007fd321849000 3009       3       java.lang.StringBuilder::append (6 bytes)
Event: 7.353 Thread 0x00007fd321849000 nmethod 3009 0x000000011b0a1190 code [0x000000011b0a1300, 0x000000011b0a1568]
Event: 7.353 Thread 0x00007fd321849000 3008       3       org.apache.commons.lang.builder.EqualsBuilder::append (327 bytes)

GC Heap History (10 events):
Event: 3.488 GC heap after
Heap after GC invocations=4 (full 0):
 PSYoungGen      total 38400K, used 5099K [0x00000007a0000000, 0x00000007a2a80000, 0x00000007c0000000)
  eden space 33280K, 0% used [0x00000007a0000000,0x00000007a0000000,0x00000007a2080000)
  from space 5120K, 99% used [0x00000007a2580000,0x00000007a2a7afd0,0x00000007a2a80000)
  to   space 5120K, 0% used [0x00000007a2080000,0x00000007a2080000,0x00000007a2580000)
 ParOldGen       total 87552K, used 8715K [0x0000000760000000, 0x0000000765580000, 0x00000007a0000000)
  object space 87552K, 9% used [0x0000000760000000,0x0000000760882f28,0x0000000765580000)
 Metaspace       used 20876K, capacity 21122K, committed 21248K, reserved 1067008K
  class space    used 2825K, capacity 2946K, committed 3072K, reserved 1048576K
}
Event: 3.488 GC heap before
{Heap before GC invocations=5 (full 1):
 PSYoungGen      total 38400K, used 5099K [0x00000007a0000000, 0x00000007a2a80000, 0x00000007c0000000)
  eden space 33280K, 0% used [0x00000007a0000000,0x00000007a0000000,0x00000007a2080000)
  from space 5120K, 99% used [0x00000007a2580000,0x00000007a2a7afd0,0x00000007a2a80000)
  to   space 5120K, 0% used [0x00000007a2080000,0x00000007a2080000,0x00000007a2580000)
 ParOldGen       total 87552K, used 8715K [0x0000000760000000, 0x0000000765580000, 0x00000007a0000000)
  object space 87552K, 9% used [0x0000000760000000,0x0000000760882f28,0x0000000765580000)
 Metaspace       used 20876K, capacity 21122K, committed 21248K, reserved 1067008K
  class space    used 2825K, capacity 2946K, committed 3072K, reserved 1048576K
Event: 3.518 GC heap after
Heap after GC invocations=5 (full 1):
 PSYoungGen      total 38400K, used 0K [0x00000007a0000000, 0x00000007a2a80000, 0x00000007c0000000)
  eden space 33280K, 0% used [0x00000007a0000000,0x00000007a0000000,0x00000007a2080000)
  from space 5120K, 0% used [0x00000007a2580000,0x00000007a2580000,0x00000007a2a80000)
  to   space 5120K, 0% used [0x00000007a2080000,0x00000007a2080000,0x00000007a2580000)
 ParOldGen       total 67072K, used 9977K [0x0000000760000000, 0x0000000764180000, 0x00000007a0000000)
  object space 67072K, 14% used [0x0000000760000000,0x00000007609be748,0x0000000764180000)
 Metaspace       used 20876K, capacity 21122K, committed 21248K, reserved 1067008K
  class space    used 2825K, capacity 2946K, committed 3072K, reserved 1048576K
}
Event: 4.259 GC heap before
{Heap before GC invocations=6 (full 1):
 PSYoungGen      total 38400K, used 33280K [0x00000007a0000000, 0x00000007a2a80000, 0x00000007c0000000)
  eden space 33280K, 100% used [0x00000007a0000000,0x00000007a2080000,0x00000007a2080000)
  from space 5120K, 0% used [0x00000007a2580000,0x00000007a2580000,0x00000007a2a80000)
  to   space 5120K, 0% used [0x00000007a2080000,0x00000007a2080000,0x00000007a2580000)
 ParOldGen       total 67072K, used 9977K [0x0000000760000000, 0x0000000764180000, 0x00000007a0000000)
  object space 67072K, 14% used [0x0000000760000000,0x00000007609be748,0x0000000764180000)
 Metaspace       used 23952K, capacity 24322K, committed 24448K, reserved 1071104K
  class space    used 3280K, capacity 3437K, committed 3456K, reserved 1048576K
Event: 4.262 GC heap after
Heap after GC invocations=6 (full 1):
 PSYoungGen      total 38400K, used 4255K [0x00000007a0000000, 0x00000007a4580000, 0x00000007c0000000)
  eden space 33280K, 0% used [0x00000007a0000000,0x00000007a0000000,0x00000007a2080000)
  from space 5120K, 83% used [0x00000007a2080000,0x00000007a24a7da8,0x00000007a2580000)
  to   space 11776K, 0% used [0x00000007a3a00000,0x00000007a3a00000,0x00000007a4580000)
 ParOldGen       total 67072K, used 9977K [0x0000000760000000, 0x0000000764180000, 0x00000007a0000000)
  object space 67072K, 14% used [0x0000000760000000,0x00000007609be748,0x0000000764180000)
 Metaspace       used 23952K, capacity 24322K, committed 24448K, reserved 1071104K
  class space    used 3280K, capacity 3437K, committed 3456K, reserved 1048576K
}
Event: 4.828 GC heap before
{Heap before GC invocations=7 (full 1):
 PSYoungGen      total 38400K, used 37535K [0x00000007a0000000, 0x00000007a4580000, 0x00000007c0000000)
  eden space 33280K, 100% used [0x00000007a0000000,0x00000007a2080000,0x00000007a2080000)
  from space 5120K, 83% used [0x00000007a2080000,0x00000007a24a7da8,0x00000007a2580000)
  to   space 11776K, 0% used [0x00000007a3a00000,0x00000007a3a00000,0x00000007a4580000)
 ParOldGen       total 67072K, used 9977K [0x0000000760000000, 0x0000000764180000, 0x00000007a0000000)
  object space 67072K, 14% used [0x0000000760000000,0x00000007609be748,0x0000000764180000)
 Metaspace       used 26262K, capacity 26598K, committed 26880K, reserved 1073152K
  class space    used 3630K, capacity 3768K, committed 3840K, reserved 1048576K
Event: 4.832 GC heap after
Heap after GC invocations=7 (full 1):
 PSYoungGen      total 59392K, used 4496K [0x00000007a0000000, 0x00000007a4500000, 0x00000007c0000000)
  eden space 48128K, 0% used [0x00000007a0000000,0x00000007a0000000,0x00000007a2f00000)
  from space 11264K, 39% used [0x00000007a3a00000,0x00000007a3e640c8,0x00000007a4500000)
  to   space 11264K, 0% used [0x00000007a2f00000,0x00000007a2f00000,0x00000007a3a00000)
 ParOldGen       total 67072K, used 9985K [0x0000000760000000, 0x0000000764180000, 0x00000007a0000000)
  object space 67072K, 14% used [0x0000000760000000,0x00000007609c0748,0x0000000764180000)
 Metaspace       used 26262K, capacity 26598K, committed 26880K, reserved 1073152K
  class space    used 3630K, capacity 3768K, committed 3840K, reserved 1048576K
}
Event: 6.245 GC heap before
{Heap before GC invocations=8 (full 1):
 PSYoungGen      total 59392K, used 52624K [0x00000007a0000000, 0x00000007a4500000, 0x00000007c0000000)
  eden space 48128K, 100% used [0x00000007a0000000,0x00000007a2f00000,0x00000007a2f00000)
  from space 11264K, 39% used [0x00000007a3a00000,0x00000007a3e640c8,0x00000007a4500000)
  to   space 11264K, 0% used [0x00000007a2f00000,0x00000007a2f00000,0x00000007a3a00000)
 ParOldGen       total 67072K, used 9985K [0x0000000760000000, 0x0000000764180000, 0x00000007a0000000)
  object space 67072K, 14% used [0x0000000760000000,0x00000007609c0748,0x0000000764180000)
 Metaspace       used 28730K, capacity 29248K, committed 29312K, reserved 1075200K
  class space    used 4000K, capacity 4186K, committed 4224K, reserved 1048576K
Event: 6.252 GC heap after
Heap after GC invocations=8 (full 1):
 PSYoungGen      total 59392K, used 7539K [0x00000007a0000000, 0x00000007a5900000, 0x00000007c0000000)
  eden space 48128K, 0% used [0x00000007a0000000,0x00000007a0000000,0x00000007a2f00000)
  from space 11264K, 66% used [0x00000007a2f00000,0x00000007a365cc48,0x00000007a3a00000)
  to   space 11264K, 0% used [0x00000007a4e00000,0x00000007a4e00000,0x00000007a5900000)
 ParOldGen       total 67072K, used 9993K [0x0000000760000000, 0x0000000764180000, 0x00000007a0000000)
  object space 67072K, 14% used [0x0000000760000000,0x00000007609c2748,0x0000000764180000)
 Metaspace       used 28730K, capacity 29248K, committed 29312K, reserved 1075200K
  class space    used 4000K, capacity 4186K, committed 4224K, reserved 1048576K
}
Event: 7.354 GC heap before
{Heap before GC invocations=9 (full 1):
 PSYoungGen      total 59392K, used 50133K [0x00000007a0000000, 0x00000007a5900000, 0x00000007c0000000)
  eden space 48128K, 88% used [0x00000007a0000000,0x00000007a2998af0,0x00000007a2f00000)
  from space 11264K, 66% used [0x00000007a2f00000,0x00000007a365cc48,0x00000007a3a00000)
  to   space 11264K, 0% used [0x00000007a4e00000,0x00000007a4e00000,0x00000007a5900000)
 ParOldGen       total 67072K, used 9993K [0x0000000760000000, 0x0000000764180000, 0x00000007a0000000)
  object space 67072K, 14% used [0x0000000760000000,0x00000007609c2748,0x0000000764180000)
 Metaspace       used 34834K, capacity 35340K, committed 35416K, reserved 1079296K
  class space    used 4790K, capacity 4987K, committed 4992K, reserved 1048576K

Deoptimization events (10 events):
Event: 6.314 Thread 0x00007fd321ce6000 Uncommon trap: reason=class_check action=maybe_recompile pc=0x000000011af4ee38 method=java.io.BufferedInputStream.read1([BII)I @ 39
Event: 6.413 Thread 0x00007fd321ce6000 Uncommon trap: reason=class_check action=maybe_recompile pc=0x000000011af3f370 method=java.util.Hashtable.get(Ljava/lang/Object;)Ljava/lang/Object; @ 6
Event: 6.413 Thread 0x00007fd321ce6000 Uncommon trap: reason=class_check action=maybe_recompile pc=0x000000011af3f370 method=java.util.Hashtable.get(Ljava/lang/Object;)Ljava/lang/Object; @ 6
Event: 6.414 Thread 0x00007fd321ce6000 Uncommon trap: reason=class_check action=maybe_recompile pc=0x000000011af3f370 method=java.util.Hashtable.get(Ljava/lang/Object;)Ljava/lang/Object; @ 6
Event: 6.414 Thread 0x00007fd321ce6000 Uncommon trap: reason=class_check action=maybe_recompile pc=0x000000011af3f370 method=java.util.Hashtable.get(Ljava/lang/Object;)Ljava/lang/Object; @ 6
Event: 6.438 Thread 0x00007fd321ce6000 Uncommon trap: reason=unstable_if action=reinterpret pc=0x000000011b034640 method=groovy.lang.MetaClassImpl$1MOPIter.methodNameAction(Ljava/lang/Class;Lorg/codehaus/groovy/runtime/metaclass/MetaMethodIndex$Entry;)V @ 259
Event: 6.547 Thread 0x00007fd321ce6000 Uncommon trap: reason=predicate action=maybe_recompile pc=0x000000011b00cc8c method=java.util.Arrays.binarySearch0([Ljava/lang/Object;IILjava/lang/Object;Ljava/util/Comparator;)I @ 28
Event: 6.631 Thread 0x00007fd321ce6000 Uncommon trap: reason=unstable_if action=reinterpret pc=0x000000011ac68174 method=sun.misc.MetaIndex.mayContain(Ljava/lang/String;)Z @ 38
Event: 7.112 Thread 0x00007fd321ce6000 Uncommon trap: reason=unstable_if action=reinterpret pc=0x000000011aef91c8 method=java.util.concurrent.ConcurrentHashMap.get(Ljava/lang/Object;)Ljava/lang/Object; @ 152
Event: 7.269 Thread 0x00007fd321ce6000 Uncommon trap: reason=range_check action=make_not_entrant pc=0x000000011b07f990 method=java.lang.String.charAt(I)C @ 27

Classes redefined (0 events):
No events

Internal exceptions (10 events):
Event: 6.440 Thread 0x00007fd321ce6000 Exception <a 'java/lang/ClassNotFoundException': org/gradle/api/internal/project/ant/BasicAntBuilderBeanInfo> (0x00000007a06eeda8) thrown at [/Volumes/android/AOSP-openjdk-git/jdk8u/hotspot/src/share/vm/classfile/systemDictionary.cpp, line 210]
Event: 6.441 Thread 0x00007fd321ce6000 Exception <a 'java/lang/ClassNotFoundException': org/gradle/api/AntBuilderBeanInfo> (0x00000007a0712f60) thrown at [/Volumes/android/AOSP-openjdk-git/jdk8u/hotspot/src/share/vm/classfile/systemDictionary.cpp, line 210]
Event: 6.441 Thread 0x00007fd321ce6000 Exception <a 'java/lang/ClassNotFoundException': groovy/util/AntBuilderBeanInfo> (0x00000007a0735f80) thrown at [/Volumes/android/AOSP-openjdk-git/jdk8u/hotspot/src/share/vm/classfile/systemDictionary.cpp, line 210]
Event: 6.442 Thread 0x00007fd321ce6000 Exception <a 'java/lang/ClassNotFoundException': groovy/util/BuilderSupportBeanInfo> (0x00000007a075ac68) thrown at [/Volumes/android/AOSP-openjdk-git/jdk8u/hotspot/src/share/vm/classfile/systemDictionary.cpp, line 210]
Event: 6.442 Thread 0x00007fd321ce6000 Exception <a 'java/lang/ClassNotFoundException': groovy/util/BuilderSupportCustomizer> (0x00000007a0781640) thrown at [/Volumes/android/AOSP-openjdk-git/jdk8u/hotspot/src/share/vm/classfile/systemDictionary.cpp, line 210]
Event: 6.443 Thread 0x00007fd321ce6000 Exception <a 'java/lang/ClassNotFoundException': groovy/util/AntBuilderCustomizer> (0x00000007a07a86c8) thrown at [/Volumes/android/AOSP-openjdk-git/jdk8u/hotspot/src/share/vm/classfile/systemDictionary.cpp, line 210]
Event: 6.444 Thread 0x00007fd321ce6000 Exception <a 'java/lang/ClassNotFoundException': org/gradle/api/AntBuilderCustomizer> (0x00000007a07d4968) thrown at [/Volumes/android/AOSP-openjdk-git/jdk8u/hotspot/src/share/vm/classfile/systemDictionary.cpp, line 210]
Event: 6.444 Thread 0x00007fd321ce6000 Exception <a 'java/lang/ClassNotFoundException': org/gradle/api/internal/project/ant/BasicAntBuilderCustomizer> (0x00000007a08141e0) thrown at [/Volumes/android/AOSP-openjdk-git/jdk8u/hotspot/src/share/vm/classfile/systemDictionary.cpp, line 210]
Event: 6.445 Thread 0x00007fd321ce6000 Exception <a 'java/lang/ClassNotFoundException': org/gradle/api/internal/project/DefaultAntBuilderCustomizer> (0x00000007a085a7d8) thrown at [/Volumes/android/AOSP-openjdk-git/jdk8u/hotspot/src/share/vm/classfile/systemDictionary.cpp, line 210]
Event: 6.771 Thread 0x00007fd321ce6000 Exception <a 'sun/nio/fs/UnixException'> (0x00000007a11e7400) thrown at [/Volumes/android/AOSP-openjdk-git/jdk8u/hotspot/src/share/vm/prims/jni.cpp, line 709]

Events (10 events):
Event: 7.337 loading class org/gradle/platform/base/BinaryTasksCollection done
Event: 7.340 loading class org/gradle/model/internal/manage/schema/cache/MultiWeakClassSet$1
Event: 7.340 loading class org/gradle/model/internal/manage/schema/cache/MultiWeakClassSet$1 done
Event: 7.340 loading class org/gradle/model/internal/manage/schema/cache/MultiWeakClassSet$2
Event: 7.340 loading class org/gradle/model/internal/manage/schema/cache/MultiWeakClassSet$2 done
Event: 7.348 loading class org/gradle/model/internal/type/GenericArrayTypeWrapper
Event: 7.348 loading class org/gradle/model/internal/type/GenericArrayTypeWrapper done
Event: 7.349 loading class org/gradle/model/internal/manage/schema/extract/ModelMapStrategy$2
Event: 7.349 loading class org/gradle/model/internal/manage/schema/extract/ModelMapStrategy$2 done
Event: 7.353 Executing VM operation: CollectForMetadataAllocation


Dynamic libraries:
0x00000000235cd000 	/System/Library/Frameworks/Cocoa.framework/Versions/A/Cocoa
0x00000000235cd000 	/System/Library/Frameworks/Security.framework/Versions/A/Security
0x00000000235cd000 	/System/Library/Frameworks/ApplicationServices.framework/Versions/A/ApplicationServices
0x00000000235cd000 	/usr/lib/libz.1.dylib
0x00000000235cd000 	/usr/lib/libSystem.B.dylib
0x00000000235cd000 	/System/Library/Frameworks/CoreFoundation.framework/Versions/A/CoreFoundation
0x00000000235cd000 	/System/Library/Frameworks/Foundation.framework/Versions/C/Foundation
0x00000000235cd000 	/usr/lib/libobjc.A.dylib
0x00000000235cd000 	/System/Library/Frameworks/AppKit.framework/Versions/C/AppKit
0x00000000235cd000 	/System/Library/Frameworks/CoreData.framework/Versions/A/CoreData
0x00000000235cd000 	/System/Library/PrivateFrameworks/RemoteViewServices.framework/Versions/A/RemoteViewServices
0x00000000235cd000 	/System/Library/PrivateFrameworks/UIFoundation.framework/Versions/A/UIFoundation
0x00000000235cd000 	/System/Library/PrivateFrameworks/DFRFoundation.framework/Versions/A/DFRFoundation
0x00000000235cd000 	/System/Library/Frameworks/Metal.framework/Versions/A/Metal
0x00000000235cd000 	/System/Library/PrivateFrameworks/DesktopServicesPriv.framework/Versions/A/DesktopServicesPriv
0x00000000235cd000 	/usr/lib/libenergytrace.dylib
0x00000000235cd000 	/System/Library/PrivateFrameworks/SkyLight.framework/Versions/A/SkyLight
0x00000000235cd000 	/System/Library/Frameworks/CoreGraphics.framework/Versions/A/CoreGraphics
0x00000000235cd000 	/usr/lib/libScreenReader.dylib
0x00000000235cd000 	/System/Library/Frameworks/Accelerate.framework/Versions/A/Accelerate
0x00000000235cd000 	/System/Library/Frameworks/IOSurface.framework/Versions/A/IOSurface
0x00000000235cd000 	/System/Library/Frameworks/AudioToolbox.framework/Versions/A/AudioToolbox
0x00000000235cd000 	/System/Library/Frameworks/AudioUnit.framework/Versions/A/AudioUnit
0x00000000235cd000 	/System/Library/PrivateFrameworks/DataDetectorsCore.framework/Versions/A/DataDetectorsCore
0x00000000235cd000 	/System/Library/Frameworks/Carbon.framework/Versions/A/Frameworks/HIToolbox.framework/Versions/A/HIToolbox
0x00000000235cd000 	/usr/lib/libicucore.A.dylib
0x00000000235cd000 	/System/Library/Frameworks/QuartzCore.framework/Versions/A/QuartzCore
0x00000000235cd000 	/System/Library/PrivateFrameworks/SignpostNotification.framework/Versions/A/SignpostNotification
0x00000000235cd000 	/System/Library/Frameworks/Carbon.framework/Versions/A/Frameworks/SpeechRecognition.framework/Versions/A/SpeechRecognition
0x00000000235cd000 	/usr/lib/libauto.dylib
0x00000000235cd000 	/usr/lib/libxml2.2.dylib
0x00000000235cd000 	/System/Library/PrivateFrameworks/CoreUI.framework/Versions/A/CoreUI
0x00000000235cd000 	/System/Library/Frameworks/CoreAudio.framework/Versions/A/CoreAudio
0x00000000235cd000 	/System/Library/Frameworks/DiskArbitration.framework/Versions/A/DiskArbitration
0x00000000235cd000 	/usr/lib/liblangid.dylib
0x00000000235cd000 	/System/Library/PrivateFrameworks/MultitouchSupport.framework/Versions/A/MultitouchSupport
0x00000000235cd000 	/System/Library/Frameworks/IOKit.framework/Versions/A/IOKit
0x00000000235cd000 	/usr/lib/libDiagnosticMessagesClient.dylib
0x00000000235cd000 	/System/Library/Frameworks/CoreServices.framework/Versions/A/CoreServices
0x00000000235cd000 	/System/Library/PrivateFrameworks/PerformanceAnalysis.framework/Versions/A/PerformanceAnalysis
0x00000000235cd000 	/System/Library/Frameworks/OpenGL.framework/Versions/A/OpenGL
0x00000000235cd000 	/System/Library/Frameworks/ColorSync.framework/Versions/A/ColorSync
0x00000000235cd000 	/System/Library/Frameworks/CoreImage.framework/Versions/A/CoreImage
0x00000000235cd000 	/System/Library/Frameworks/CoreText.framework/Versions/A/CoreText
0x00000000235cd000 	/System/Library/Frameworks/ImageIO.framework/Versions/A/ImageIO
0x00000000235cd000 	/System/Library/PrivateFrameworks/Backup.framework/Versions/A/Backup
0x00000000235cd000 	/usr/lib/libarchive.2.dylib
0x00000000235cd000 	/System/Library/Frameworks/CFNetwork.framework/Versions/A/CFNetwork
0x00000000235cd000 	/System/Library/Frameworks/SystemConfiguration.framework/Versions/A/SystemConfiguration
0x00000000235cd000 	/usr/lib/libCRFSuite.dylib
0x00000000235cd000 	/usr/lib/libc++.1.dylib
0x00000000235cd000 	/usr/lib/libc++abi.dylib
0x00000000235cd000 	/usr/lib/system/libcache.dylib
0x00000000235cd000 	/usr/lib/system/libcommonCrypto.dylib
0x00000000235cd000 	/usr/lib/system/libcompiler_rt.dylib
0x00000000235cd000 	/usr/lib/system/libcopyfile.dylib
0x00000000235cd000 	/usr/lib/system/libcorecrypto.dylib
0x00000000235cd000 	/usr/lib/system/libdispatch.dylib
0x00000000235cd000 	/usr/lib/system/libdyld.dylib
0x00000000235cd000 	/usr/lib/system/libkeymgr.dylib
0x00000000235cd000 	/usr/lib/system/liblaunch.dylib
0x00000000235cd000 	/usr/lib/system/libmacho.dylib
0x00000000235cd000 	/usr/lib/system/libquarantine.dylib
0x00000000235cd000 	/usr/lib/system/libremovefile.dylib
0x00000000235cd000 	/usr/lib/system/libsystem_asl.dylib
0x00000000235cd000 	/usr/lib/system/libsystem_blocks.dylib
0x00000000235cd000 	/usr/lib/system/libsystem_c.dylib
0x00000000235cd000 	/usr/lib/system/libsystem_configuration.dylib
0x00000000235cd000 	/usr/lib/system/libsystem_coreservices.dylib
0x00000000235cd000 	/usr/lib/system/libsystem_darwin.dylib
0x00000000235cd000 	/usr/lib/system/libsystem_dnssd.dylib
0x00000000235cd000 	/usr/lib/system/libsystem_info.dylib
0x00000000235cd000 	/usr/lib/system/libsystem_m.dylib
0x00000000235cd000 	/usr/lib/system/libsystem_malloc.dylib
0x00000000235cd000 	/usr/lib/system/libsystem_network.dylib
0x00000000235cd000 	/usr/lib/system/libsystem_networkextension.dylib
0x00000000235cd000 	/usr/lib/system/libsystem_notify.dylib
0x00000000235cd000 	/usr/lib/system/libsystem_sandbox.dylib
0x00000000235cd000 	/usr/lib/system/libsystem_secinit.dylib
0x00000000235cd000 	/usr/lib/system/libsystem_kernel.dylib
0x00000000235cd000 	/usr/lib/system/libsystem_platform.dylib
0x00000000235cd000 	/usr/lib/system/libsystem_pthread.dylib
0x00000000235cd000 	/usr/lib/system/libsystem_symptoms.dylib
0x00000000235cd000 	/usr/lib/system/libsystem_trace.dylib
0x00000000235cd000 	/usr/lib/system/libunwind.dylib
0x00000000235cd000 	/usr/lib/system/libxpc.dylib
0x00000000235cd000 	/usr/lib/closure/libclosured.dylib
0x00000000235cd000 	/usr/lib/libbsm.0.dylib
0x00000000235cd000 	/usr/lib/system/libkxld.dylib
0x00000000235cd000 	/usr/lib/libOpenScriptingUtil.dylib
0x00000000235cd000 	/usr/lib/libcoretls.dylib
0x00000000235cd000 	/usr/lib/libcoretls_cfhelpers.dylib
0x00000000235cd000 	/usr/lib/libpam.2.dylib
0x00000000235cd000 	/usr/lib/libsqlite3.dylib
0x00000000235cd000 	/usr/lib/libxar.1.dylib
0x00000000235cd000 	/usr/lib/libbz2.1.0.dylib
0x00000000235cd000 	/usr/lib/liblzma.5.dylib
0x00000000235cd000 	/usr/lib/libnetwork.dylib
0x00000000235cd000 	/usr/lib/libapple_nghttp2.dylib
0x00000000235cd000 	/usr/lib/libpcap.A.dylib
0x00000000235cd000 	/usr/lib/libboringssl.dylib
0x00000000235cd000 	/usr/lib/libusrtcp.dylib
0x00000000235cd000 	/usr/lib/libapple_crypto.dylib
0x00000000235cd000 	/System/Library/Frameworks/CoreServices.framework/Versions/A/Frameworks/FSEvents.framework/Versions/A/FSEvents
0x00000000235cd000 	/System/Library/Frameworks/CoreServices.framework/Versions/A/Frameworks/CarbonCore.framework/Versions/A/CarbonCore
0x00000000235cd000 	/System/Library/Frameworks/CoreServices.framework/Versions/A/Frameworks/Metadata.framework/Versions/A/Metadata
0x00000000235cd000 	/System/Library/Frameworks/CoreServices.framework/Versions/A/Frameworks/OSServices.framework/Versions/A/OSServices
0x00000000235cd000 	/System/Library/Frameworks/CoreServices.framework/Versions/A/Frameworks/SearchKit.framework/Versions/A/SearchKit
0x00000000235cd000 	/System/Library/Frameworks/CoreServices.framework/Versions/A/Frameworks/AE.framework/Versions/A/AE
0x00000000235cd000 	/System/Library/Frameworks/CoreServices.framework/Versions/A/Frameworks/LaunchServices.framework/Versions/A/LaunchServices
0x00000000235cd000 	/System/Library/Frameworks/CoreServices.framework/Versions/A/Frameworks/DictionaryServices.framework/Versions/A/DictionaryServices
0x00000000235cd000 	/System/Library/Frameworks/CoreServices.framework/Versions/A/Frameworks/SharedFileList.framework/Versions/A/SharedFileList
0x00000000235cd000 	/System/Library/Frameworks/NetFS.framework/Versions/A/NetFS
0x00000000235cd000 	/System/Library/PrivateFrameworks/NetAuth.framework/Versions/A/NetAuth
0x00000000235cd000 	/System/Library/PrivateFrameworks/login.framework/Versions/A/Frameworks/loginsupport.framework/Versions/A/loginsupport
0x00000000235cd000 	/System/Library/PrivateFrameworks/TCC.framework/Versions/A/TCC
0x00000000235cd000 	/usr/lib/libmecabra.dylib
0x00000000235cd000 	/System/Library/Frameworks/ApplicationServices.framework/Versions/A/Frameworks/ATS.framework/Versions/A/ATS
0x00000000235cd000 	/System/Library/Frameworks/ApplicationServices.framework/Versions/A/Frameworks/ColorSyncLegacy.framework/Versions/A/ColorSyncLegacy
0x00000000235cd000 	/System/Library/Frameworks/ApplicationServices.framework/Versions/A/Frameworks/HIServices.framework/Versions/A/HIServices
0x00000000235cd000 	/System/Library/Frameworks/ApplicationServices.framework/Versions/A/Frameworks/LangAnalysis.framework/Versions/A/LangAnalysis
0x00000000235cd000 	/System/Library/Frameworks/ApplicationServices.framework/Versions/A/Frameworks/PrintCore.framework/Versions/A/PrintCore
0x00000000235cd000 	/System/Library/Frameworks/ApplicationServices.framework/Versions/A/Frameworks/QD.framework/Versions/A/QD
0x00000000235cd000 	/System/Library/Frameworks/ApplicationServices.framework/Versions/A/Frameworks/SpeechSynthesis.framework/Versions/A/SpeechSynthesis
0x00000000235cd000 	/System/Library/Frameworks/CoreDisplay.framework/Versions/A/CoreDisplay
0x00000000235cd000 	/System/Library/Frameworks/Accelerate.framework/Versions/A/Frameworks/vImage.framework/Versions/A/vImage
0x00000000235cd000 	/System/Library/Frameworks/Accelerate.framework/Versions/A/Frameworks/vecLib.framework/Versions/A/vecLib
0x00000000235cd000 	/System/Library/Frameworks/Accelerate.framework/Versions/A/Frameworks/vecLib.framework/Versions/A/libvDSP.dylib
0x00000000235cd000 	/System/Library/Frameworks/Accelerate.framework/Versions/A/Frameworks/vecLib.framework/Versions/A/libBNNS.dylib
0x00000000235cd000 	/System/Library/Frameworks/Accelerate.framework/Versions/A/Frameworks/vecLib.framework/Versions/A/libQuadrature.dylib
0x00000000235cd000 	/System/Library/Frameworks/Accelerate.framework/Versions/A/Frameworks/vecLib.framework/Versions/A/libvMisc.dylib
0x00000000235cd000 	/System/Library/Frameworks/Accelerate.framework/Versions/A/Frameworks/vecLib.framework/Versions/A/libLAPACK.dylib
0x00000000235cd000 	/System/Library/Frameworks/Accelerate.framework/Versions/A/Frameworks/vecLib.framework/Versions/A/libBLAS.dylib
0x00000000235cd000 	/System/Library/Frameworks/Accelerate.framework/Versions/A/Frameworks/vecLib.framework/Versions/A/libLinearAlgebra.dylib
0x00000000235cd000 	/System/Library/Frameworks/Accelerate.framework/Versions/A/Frameworks/vecLib.framework/Versions/A/libSparse.dylib
0x00000000235cd000 	/System/Library/Frameworks/Accelerate.framework/Versions/A/Frameworks/vecLib.framework/Versions/A/libSparseBLAS.dylib
0x00000000235cd000 	/System/Library/PrivateFrameworks/GPUWrangler.framework/Versions/A/GPUWrangler
0x00000000235cd000 	/System/Library/PrivateFrameworks/IOAccelerator.framework/Versions/A/IOAccelerator
0x00000000235cd000 	/System/Library/PrivateFrameworks/IOPresentment.framework/Versions/A/IOPresentment
0x00000000235cd000 	/System/Library/PrivateFrameworks/DSExternalDisplay.framework/Versions/A/DSExternalDisplay
0x00000000235cd000 	/System/Library/Frameworks/OpenGL.framework/Versions/A/Libraries/libCoreFSCache.dylib
0x00000000235cd000 	/System/Library/Frameworks/CoreVideo.framework/Versions/A/CoreVideo
0x00000000235cd000 	/System/Library/PrivateFrameworks/GraphVisualizer.framework/Versions/A/GraphVisualizer
0x00000000235cd000 	/System/Library/Frameworks/MetalPerformanceShaders.framework/Versions/A/MetalPerformanceShaders
0x00000000235cd000 	/usr/lib/libFosl_dynamic.dylib
0x00000000235cd000 	/System/Library/PrivateFrameworks/FaceCore.framework/Versions/A/FaceCore
0x00000000235cd000 	/System/Library/Frameworks/OpenCL.framework/Versions/A/OpenCL
0x00000000235cd000 	/usr/lib/libcompression.dylib
0x00000000235cd000 	/System/Library/Frameworks/ApplicationServices.framework/Versions/A/Frameworks/ATS.framework/Versions/A/Resources/libFontParser.dylib
0x00000000235cd000 	/System/Library/Frameworks/ApplicationServices.framework/Versions/A/Frameworks/ATS.framework/Versions/A/Resources/libFontRegistry.dylib
0x00000000235cd000 	/System/Library/Frameworks/ImageIO.framework/Versions/A/Resources/libJPEG.dylib
0x00000000235cd000 	/System/Library/Frameworks/ImageIO.framework/Versions/A/Resources/libTIFF.dylib
0x00000000235cd000 	/System/Library/Frameworks/ImageIO.framework/Versions/A/Resources/libPng.dylib
0x00000000235cd000 	/System/Library/Frameworks/ImageIO.framework/Versions/A/Resources/libGIF.dylib
0x00000000235cd000 	/System/Library/Frameworks/ImageIO.framework/Versions/A/Resources/libJP2.dylib
0x00000000235cd000 	/System/Library/Frameworks/ImageIO.framework/Versions/A/Resources/libRadiance.dylib
0x00000000235cd000 	/System/Library/PrivateFrameworks/AppleJPEG.framework/Versions/A/AppleJPEG
0x00000000235cd000 	/System/Library/Frameworks/MetalPerformanceShaders.framework/Frameworks/MPSCore.framework/Versions/A/MPSCore
0x00000000235cd000 	/System/Library/Frameworks/MetalPerformanceShaders.framework/Frameworks/MPSImage.framework/Versions/A/MPSImage
0x00000000235cd000 	/System/Library/Frameworks/MetalPerformanceShaders.framework/Frameworks/MPSNeuralNetwork.framework/Versions/A/MPSNeuralNetwork
0x00000000235cd000 	/System/Library/Frameworks/MetalPerformanceShaders.framework/Frameworks/MPSMatrix.framework/Versions/A/MPSMatrix
0x00000000235cd000 	/System/Library/PrivateFrameworks/MetalTools.framework/Versions/A/MetalTools
0x00000000235cd000 	/System/Library/Frameworks/OpenGL.framework/Versions/A/Libraries/libGLU.dylib
0x00000000235cd000 	/System/Library/Frameworks/OpenGL.framework/Versions/A/Libraries/libGFXShared.dylib
0x00000000235cd000 	/System/Library/Frameworks/OpenGL.framework/Versions/A/Libraries/libGL.dylib
0x00000000235cd000 	/System/Library/Frameworks/OpenGL.framework/Versions/A/Libraries/libGLImage.dylib
0x00000000235cd000 	/System/Library/Frameworks/OpenGL.framework/Versions/A/Libraries/libCVMSPluginSupport.dylib
0x00000000235cd000 	/System/Library/Frameworks/OpenGL.framework/Versions/A/Libraries/libCoreVMClient.dylib
0x00000000235cd000 	/usr/lib/libcups.2.dylib
0x00000000235cd000 	/System/Library/Frameworks/Kerberos.framework/Versions/A/Kerberos
0x00000000235cd000 	/System/Library/Frameworks/GSS.framework/Versions/A/GSS
0x00000000235cd000 	/usr/lib/libresolv.9.dylib
0x00000000235cd000 	/usr/lib/libiconv.2.dylib
0x00000000235cd000 	/System/Library/PrivateFrameworks/Heimdal.framework/Versions/A/Heimdal
0x00000000235cd000 	/usr/lib/libheimdal-asn1.dylib
0x00000000235cd000 	/System/Library/Frameworks/OpenDirectory.framework/Versions/A/OpenDirectory
0x00000000235cd000 	/System/Library/PrivateFrameworks/CommonAuth.framework/Versions/A/CommonAuth
0x00000000235cd000 	/System/Library/Frameworks/OpenDirectory.framework/Versions/A/Frameworks/CFOpenDirectory.framework/Versions/A/CFOpenDirectory
0x00000000235cd000 	/System/Library/Frameworks/SecurityFoundation.framework/Versions/A/SecurityFoundation
0x00000000235cd000 	/System/Library/PrivateFrameworks/APFS.framework/Versions/A/APFS
0x00000000235cd000 	/usr/lib/libutil.dylib
0x00000000235cd000 	/System/Library/PrivateFrameworks/AppleSauce.framework/Versions/A/AppleSauce
0x00000000235cd000 	/System/Library/PrivateFrameworks/LinguisticData.framework/Versions/A/LinguisticData
0x00000000235cd000 	/usr/lib/libmarisa.dylib
0x00000000235cd000 	/System/Library/PrivateFrameworks/Lexicon.framework/Versions/A/Lexicon
0x00000000235cd000 	/usr/lib/libChineseTokenizer.dylib
0x00000000235cd000 	/usr/lib/libcmph.dylib
0x00000000235cd000 	/System/Library/PrivateFrameworks/LanguageModeling.framework/Versions/A/LanguageModeling
0x00000000235cd000 	/System/Library/PrivateFrameworks/CoreEmoji.framework/Versions/A/CoreEmoji
0x00000000235cd000 	/System/Library/Frameworks/ServiceManagement.framework/Versions/A/ServiceManagement
0x00000000235cd000 	/System/Library/PrivateFrameworks/BackgroundTaskManagement.framework/Versions/A/BackgroundTaskManagement
0x00000000235cd000 	/usr/lib/libxslt.1.dylib
0x00000000235cd000 	/System/Library/Frameworks/Carbon.framework/Versions/A/Frameworks/Ink.framework/Versions/A/Ink
0x00000000235cd000 	/System/Library/PrivateFrameworks/TextureIO.framework/Versions/A/TextureIO
0x00000000235cd000 	/usr/lib/libate.dylib
0x00000000235cd000 	/System/Library/PrivateFrameworks/CrashReporterSupport.framework/Versions/A/CrashReporterSupport
0x00000000235cd000 	/System/Library/PrivateFrameworks/Sharing.framework/Versions/A/Sharing
0x00000000235cd000 	/System/Library/PrivateFrameworks/IconServices.framework/Versions/A/IconServices
0x00000000235cd000 	/System/Library/PrivateFrameworks/AuthKit.framework/Versions/A/AuthKit
0x00000000235cd000 	/System/Library/PrivateFrameworks/Apple80211.framework/Versions/A/Apple80211
0x00000000235cd000 	/System/Library/PrivateFrameworks/CoreUtils.framework/Versions/A/CoreUtils
0x00000000235cd000 	/System/Library/Frameworks/CoreWLAN.framework/Versions/A/CoreWLAN
0x00000000235cd000 	/System/Library/Frameworks/IOBluetooth.framework/Versions/A/IOBluetooth
0x00000000235cd000 	/System/Library/PrivateFrameworks/ProtocolBuffer.framework/Versions/A/ProtocolBuffer
0x00000000235cd000 	/System/Library/PrivateFrameworks/MobileKeyBag.framework/Versions/A/MobileKeyBag
0x00000000235cd000 	/System/Library/PrivateFrameworks/CorePhoneNumbers.framework/Versions/A/CorePhoneNumbers
0x00000000235cd000 	/System/Library/PrivateFrameworks/AppleIDAuthSupport.framework/Versions/A/AppleIDAuthSupport
0x00000000235cd000 	/System/Library/PrivateFrameworks/KeychainCircle.framework/Versions/A/KeychainCircle
0x00000000235cd000 	/System/Library/PrivateFrameworks/CoreWiFi.framework/Versions/A/CoreWiFi
0x00000000235cd000 	/System/Library/Frameworks/CoreBluetooth.framework/Versions/A/CoreBluetooth
0x00000000235cd000 	/System/Library/PrivateFrameworks/DebugSymbols.framework/Versions/A/DebugSymbols
0x00000000235cd000 	/System/Library/PrivateFrameworks/CoreSymbolication.framework/Versions/A/CoreSymbolication
0x00000000235cd000 	/System/Library/PrivateFrameworks/Symbolication.framework/Versions/A/Symbolication
0x00000000235cd000 	/System/Library/PrivateFrameworks/AppleFSCompression.framework/Versions/A/AppleFSCompression
0x00000000235cd000 	/System/Library/PrivateFrameworks/SpeechRecognitionCore.framework/Versions/A/SpeechRecognitionCore
0x000000010fa00000 	/Applications/Android Studio.app/Contents/jre/jdk/Contents/Home/jre/lib/server/libjvm.dylib
0x00000000235cd000 	/usr/lib/libstdc++.6.0.9.dylib
0x000000010f039000 	/Applications/Android Studio.app/Contents/jre/jdk/Contents/Home/jre/lib/libverify.dylib
0x000000010f045000 	/Applications/Android Studio.app/Contents/jre/jdk/Contents/Home/jre/lib/libjava.dylib
0x000000010f0c3000 	/Applications/Android Studio.app/Contents/jre/jdk/Contents/Home/jre/lib/libzip.dylib
0x0000000115f16000 	/Applications/Android Studio.app/Contents/jre/jdk/Contents/Home/jre/lib/libnet.dylib
0x0000000115f75000 	/Applications/Android Studio.app/Contents/jre/jdk/Contents/Home/jre/lib/libnio.dylib
0x0000000116080000 	/Users/andreweskild/.gradle/native/25/osx-amd64/libnative-platform.dylib
0x00000001163c2000 	/Applications/Android Studio.app/Contents/jre/jdk/Contents/Home/jre/lib/libmanagement.dylib

VM Arguments:
jvm_args: -Xmx1536M -Dfile.encoding=UTF-8 -Duser.country=US -Duser.language=en -Duser.variant 
java_command: org.gradle.launcher.daemon.bootstrap.GradleDaemon 4.1
java_class_path (initial): /Users/andreweskild/.gradle/wrapper/dists/gradle-4.1-all/bzyivzo6n839fup2jbap0tjew/gradle-4.1/lib/gradle-launcher-4.1.jar
Launcher Type: SUN_STANDARD

Environment Variables:
JAVA_HOME=/Applications/Android Studio.app/Contents/jre/jdk/Contents/Home
PATH=/usr/local/bin:/usr/bin:/bin:/usr/sbin:/sbin:~/development/flutter/bin:~/development/flutter/bin/cache/dart-sdk/bin
SHELL=/bin/bash

Signal Handlers:
SIGSEGV: [libjvm.dylib+0x570b99], sa_mask[0]=11111111011111110111111111111111, sa_flags=SA_ONSTACK|SA_RESTART|SA_SIGINFO
SIGBUS: [libjvm.dylib+0x570b99], sa_mask[0]=11111111011111110111111111111111, sa_flags=SA_RESTART|SA_SIGINFO
SIGFPE: [libjvm.dylib+0x461f81], sa_mask[0]=11111111011111110111111111111111, sa_flags=SA_RESTART|SA_SIGINFO
SIGPIPE: [libjvm.dylib+0x461f81], sa_mask[0]=11111111011111110111111111111111, sa_flags=SA_RESTART|SA_SIGINFO
SIGXFSZ: [libjvm.dylib+0x461f81], sa_mask[0]=11111111011111110111111111111111, sa_flags=SA_RESTART|SA_SIGINFO
SIGILL: [libjvm.dylib+0x461f81], sa_mask[0]=11111111011111110111111111111111, sa_flags=SA_RESTART|SA_SIGINFO
SIGUSR1: SIG_DFL, sa_mask[0]=00000000000000000000000000000000, sa_flags=none
SIGUSR2: [libjvm.dylib+0x462892], sa_mask[0]=00100000000000000000010000100000, sa_flags=SA_RESTART|SA_SIGINFO
SIGHUP: [libjvm.dylib+0x460a7b], sa_mask[0]=11111111011111110111111111111111, sa_flags=SA_RESTART|SA_SIGINFO
SIGINT: [libjvm.dylib+0x460a7b], sa_mask[0]=11111111011111110111111111111111, sa_flags=SA_RESTART|SA_SIGINFO
SIGTERM: [libjvm.dylib+0x460a7b], sa_mask[0]=11111111011111110111111111111111, sa_flags=SA_RESTART|SA_SIGINFO
SIGQUIT: [libjvm.dylib+0x460a7b], sa_mask[0]=11111111011111110111111111111111, sa_flags=SA_RESTART|SA_SIGINFO


---------------  S Y S T E M  ---------------

OS:Bsduname:Darwin 17.7.0 Darwin Kernel Version 17.7.0: Fri Jul  6 19:54:51 PDT 2018; root:xnu-4570.71.3~2/RELEASE_X86_64 x86_64
rlimit: STACK 8192k, CORE 0k, NPROC 709, NOFILE 10240, AS infinity
load average:4.27 4.51 3.06

CPU:total 4 (initial active 4) (4 cores per cpu, 1 threads per core) family 6 model 42 stepping 7, cmov, cx8, fxsr, mmx, sse, sse2, sse3, ssse3, sse4.1, sse4.2, popcnt, avx, aes, clmul, tsc, tscinvbit

Memory: 4k page, physical 8388608k(1280116k free)

/proc/meminfo:


vm_info: OpenJDK 64-Bit Server VM (25.152-b01) for bsd-amd64 JRE (1.8.0_152-release-1248-b01), built by "builder" with gcc 4.2.1 Compatible Apple LLVM 9.1.0 (clang-902.0.39.2)

time: Sat Feb 23 19:37:17 2019
elapsed time: 7 seconds (0d 0h 0m 7s)

